TN:
SF:app.js
FN:23,(anonymous_0)
FNF:1
FNH:1
FNDA:1,(anonymous_0)
DA:1,1
DA:2,1
DA:4,1
DA:6,1
DA:7,1
DA:8,1
DA:11,1
DA:12,1
DA:13,1
DA:17,1
DA:19,1
DA:20,1
DA:21,1
DA:23,1
DA:24,1
DA:30,1
DA:31,1
DA:32,1
DA:33,1
DA:34,1
DA:36,1
LF:21
LH:21
BRF:0
BRH:0
end_of_record
TN:
SF:__tests__\integration\config.js
FN:10,(anonymous_0)
FNF:1
FNH:1
FNDA:8,(anonymous_0)
DA:1,1
DA:2,1
DA:3,1
DA:6,1
DA:10,1
DA:11,8
DA:12,8
DA:14,8
DA:16,8
DA:18,8
DA:20,0
DA:21,0
DA:25,1
LF:13
LH:11
BRF:0
BRH:0
end_of_record
TN:
SF:controllers\character.js
FN:3,(anonymous_0)
FN:14,(anonymous_1)
FNF:2
FNH:2
FNDA:6,(anonymous_0)
FNDA:3,(anonymous_1)
DA:1,2
DA:3,2
DA:4,6
DA:5,6
DA:6,6
DA:8,3
DA:10,3
DA:14,2
DA:15,3
DA:16,3
DA:18,2
DA:20,1
DA:24,2
LF:13
LH:13
BRF:0
BRH:0
end_of_record
TN:
SF:controllers\events.js
FN:3,(anonymous_0)
FNF:1
FNH:1
FNDA:4,(anonymous_0)
DA:1,2
DA:3,2
DA:4,4
DA:5,4
DA:6,4
DA:7,2
DA:9,2
DA:13,2
LF:8
LH:8
BRF:0
BRH:0
end_of_record
TN:
SF:controllers\questions.js
FN:3,(anonymous_0)
FNF:1
FNH:1
FNDA:4,(anonymous_0)
DA:1,2
DA:3,2
DA:4,4
DA:5,4
DA:6,4
DA:7,2
DA:8,2
DA:10,2
DA:14,2
LF:9
LH:9
BRF:0
BRH:0
end_of_record
TN:
SF:controllers\submissions.js
FN:3,(anonymous_0)
FN:12,(anonymous_1)
FNF:2
FNH:2
FNDA:4,(anonymous_0)
FNDA:4,(anonymous_1)
DA:1,3
DA:3,3
DA:4,4
DA:5,4
DA:6,2
DA:8,2
DA:12,3
DA:13,4
DA:14,4
DA:15,4
DA:19,2
DA:21,2
DA:25,3
LF:13
LH:13
BRF:0
BRH:0
end_of_record
TN:
SF:controllers\users.js
FN:6,(anonymous_0)
FN:21,(anonymous_1)
FN:34,(anonymous_2)
FN:49,(anonymous_3)
FN:65,(anonymous_4)
FN:76,(anonymous_5)
FN:88,(anonymous_6)
FNF:7
FNH:4
FNDA:3,(anonymous_0)
FNDA:2,(anonymous_1)
FNDA:2,(anonymous_2)
FNDA:1,(anonymous_3)
FNDA:0,(anonymous_4)
FNDA:0,(anonymous_5)
FNDA:0,(anonymous_6)
DA:1,1
DA:2,1
DA:4,1
DA:6,1
DA:7,3
DA:8,3
DA:9,3
DA:11,2
DA:12,2
DA:13,2
DA:15,2
DA:22,2
DA:23,1
DA:25,1
DA:30,1
DA:34,1
DA:35,2
DA:36,2
DA:37,2
DA:39,2
DA:41,1
DA:43,1
DA:50,1
DA:51,0
DA:55,1
DA:60,1
DA:61,1
DA:65,1
DA:66,0
DA:67,0
DA:68,0
DA:72,0
DA:76,1
DA:77,0
DA:78,0
DA:79,0
DA:80,0
DA:81,0
DA:83,0
DA:84,0
DA:88,1
DA:89,0
DA:90,0
DA:92,0
DA:96,1
LF:45
LH:30
BRDA:13,0,0,0
BRDA:13,0,1,2
BRDA:22,1,0,1
BRDA:22,1,1,1
BRDA:50,2,0,0
BRDA:50,2,1,1
BRDA:89,3,0,0
BRDA:89,3,1,0
BRF:8
BRH:4
end_of_record
TN:
SF:database\connect.js
FNF:0
FNH:0
DA:1,11
DA:4,11
DA:8,11
DA:12,11
LF:4
LH:4
BRDA:4,0,0,11
BRDA:4,0,1,0
BRF:2
BRH:1
end_of_record
TN:
SF:middleware\authenticator.js
FN:3,(anonymous_0)
FN:8,(anonymous_1)
FNF:2
FNH:0
FNDA:0,(anonymous_0)
FNDA:0,(anonymous_1)
DA:1,1
DA:3,1
DA:4,0
DA:6,0
DA:8,0
DA:9,0
DA:11,0
DA:12,0
DA:16,1
LF:9
LH:3
BRDA:6,0,0,0
BRDA:6,0,1,0
BRDA:9,1,0,0
BRDA:9,1,1,0
BRF:4
BRH:0
end_of_record
TN:
SF:middleware\logger.js
FN:1,(anonymous_0)
FNF:1
FNH:1
FNDA:13,(anonymous_0)
DA:1,1
DA:2,13
DA:3,13
DA:4,13
DA:7,1
LF:5
LH:5
BRF:0
BRH:0
end_of_record
TN:
SF:middleware\restrictTo.js
FN:3,(anonymous_0)
FN:4,(anonymous_1)
FNF:2
FNH:1
FNDA:1,(anonymous_0)
FNDA:0,(anonymous_1)
DA:1,1
DA:3,1
DA:4,1
DA:5,0
DA:6,0
DA:8,0
DA:9,0
DA:11,0
DA:14,0
DA:22,1
LF:10
LH:4
BRDA:8,0,0,0
BRDA:8,0,1,0
BRF:2
BRH:0
end_of_record
TN:
SF:models\Answer.js
FN:2,(anonymous_0)
FNF:1
FNH:1
FNDA:9,(anonymous_0)
DA:3,9
DA:4,9
DA:5,9
DA:9,3
LF:4
LH:4
BRF:0
BRH:0
end_of_record
TN:
SF:models\Character.js
FN:4,(anonymous_0)
FN:11,(anonymous_1)
FN:24,(anonymous_2)
FN:30,(anonymous_3)
FNF:4
FNH:4
FNDA:6,(anonymous_0)
FNDA:4,(anonymous_1)
FNDA:3,(anonymous_2)
FNDA:4,(anonymous_3)
DA:1,3
DA:5,6
DA:6,6
DA:7,6
DA:8,6
DA:12,4
DA:17,4
DA:18,2
DA:21,2
DA:25,3
DA:27,3
DA:28,1
DA:30,4
DA:34,3
LF:14
LH:14
BRDA:17,0,0,2
BRDA:17,0,1,2
BRDA:27,1,0,1
BRDA:27,1,1,2
BRF:4
BRH:4
end_of_record
TN:
SF:models\Event.js
FN:4,(anonymous_0)
FN:18,(anonymous_1)
FN:26,(anonymous_2)
FNF:3
FNH:3
FNDA:4,(anonymous_0)
FNDA:4,(anonymous_1)
FNDA:4,(anonymous_2)
DA:1,3
DA:11,4
DA:12,4
DA:13,4
DA:14,4
DA:15,4
DA:19,4
DA:24,4
DA:26,4
DA:30,3
LF:10
LH:10
BRDA:24,0,0,2
BRDA:24,0,1,2
BRF:2
BRH:2
end_of_record
TN:
SF:models\Question.js
FN:5,(anonymous_0)
FN:21,(anonymous_1)
FN:32,(anonymous_2)
FN:40,(anonymous_3)
FNF:4
FNH:4
FNDA:5,(anonymous_0)
FNDA:4,(anonymous_1)
FNDA:3,(anonymous_2)
FNDA:6,(anonymous_3)
DA:1,3
DA:2,3
DA:13,5
DA:14,5
DA:15,5
DA:16,5
DA:17,5
DA:18,5
DA:22,4
DA:27,4
DA:29,2
DA:33,3
DA:38,3
DA:40,6
DA:44,3
LF:15
LH:15
BRDA:27,0,0,2
BRDA:27,0,1,2
BRDA:38,1,0,1
BRDA:38,1,1,2
BRF:4
BRH:4
end_of_record
TN:
SF:models\Submission.js
FN:4,(anonymous_0)
FN:11,(anonymous_1)
FN:23,(anonymous_2)
FNF:3
FNH:3
FNDA:1,(anonymous_0)
FNDA:2,(anonymous_1)
FNDA:2,(anonymous_2)
DA:1,4
DA:5,1
DA:6,1
DA:7,1
DA:8,1
DA:12,2
DA:17,2
DA:18,1
DA:20,1
DA:24,2
DA:43,1
DA:47,4
LF:12
LH:12
BRDA:17,0,0,1
BRDA:17,0,1,1
BRF:2
BRH:2
end_of_record
TN:
SF:models\User.js
FN:4,(anonymous_0)
FN:12,(anonymous_1)
FN:25,(anonymous_2)
FN:39,(anonymous_3)
FN:55,(anonymous_4)
FNF:5
FNH:5
FNDA:10,(anonymous_0)
FNDA:3,(anonymous_1)
FNDA:3,(anonymous_2)
FNDA:4,(anonymous_3)
FNDA:3,(anonymous_4)
DA:1,2
DA:5,10
DA:6,10
DA:7,10
DA:8,10
DA:9,10
DA:13,3
DA:15,2
DA:19,2
DA:20,1
DA:22,1
DA:26,3
DA:28,2
DA:32,2
DA:33,1
DA:36,1
DA:40,4
DA:41,1
DA:43,3
DA:48,3
DA:49,1
DA:52,2
DA:56,3
DA:57,1
DA:59,2
DA:64,2
DA:65,1
DA:68,1
DA:72,2
LF:29
LH:29
BRDA:13,0,0,1
BRDA:13,0,1,2
BRDA:19,1,0,1
BRDA:19,1,1,1
BRDA:26,2,0,1
BRDA:26,2,1,2
BRDA:32,3,0,1
BRDA:32,3,1,1
BRDA:40,4,0,1
BRDA:40,4,1,3
BRDA:40,5,0,4
BRDA:40,5,1,3
BRDA:48,6,0,1
BRDA:48,6,1,2
BRDA:56,7,0,1
BRDA:56,7,1,2
BRDA:56,8,0,3
BRDA:56,8,1,2
BRDA:64,9,0,1
BRDA:64,9,1,1
BRF:20
BRH:20
end_of_record
TN:
SF:routes\characters.js
FNF:0
FNH:0
DA:1,1
DA:2,1
DA:4,1
DA:7,1
DA:8,1
DA:10,1
LF:6
LH:6
BRF:0
BRH:0
end_of_record
TN:
SF:routes\events.js
FNF:0
FNH:0
DA:1,1
DA:2,1
DA:4,1
DA:6,1
DA:8,1
LF:5
LH:5
BRF:0
BRH:0
end_of_record
TN:
SF:routes\questions.js
FNF:0
FNH:0
DA:1,1
DA:2,1
DA:4,1
DA:7,1
DA:9,1
LF:5
LH:5
BRF:0
BRH:0
end_of_record
TN:
SF:routes\submissions.js
FNF:0
FNH:0
DA:1,1
DA:2,1
DA:3,1
DA:4,1
DA:6,1
DA:8,1
DA:10,1
DA:12,1
DA:14,1
DA:16,1
LF:10
LH:10
BRF:0
BRH:0
end_of_record
TN:
SF:routes\users.js
FNF:0
FNH:0
DA:1,1
DA:2,1
DA:4,1
DA:6,1
DA:8,1
DA:9,1
DA:11,1
DA:13,1
DA:14,1
DA:15,1
DA:17,1
LF:11
LH:11
BRF:0
BRH:0
end_of_record
