{"C:\\Users\\AlenaPavioglo\\Desktop\\ha\\Blizzard\\client\\__test__\\utils\\mockConsole.js": {"path":"C:\\Users\\AlenaPavioglo\\Desktop\\ha\\Blizzard\\client\\__test__\\utils\\mockConsole.js","statementMap":{"0":{"start":{"line":1,"column":20},"end":{"line":1,"column":29}},"1":{"start":{"line":2,"column":18},"end":{"line":2,"column":27}},"2":{"start":{"line":4,"column":0},"end":{"line":7,"column":2}}},"fnMap":{},"branchMap":{},"s":{"0":1,"1":1,"2":1},"f":{},"b":{},"_coverageSchema":"1a1c01bbd47fc00a2c39e90264f33305004495a9","hash":"55ea1e8d50226f79f100d1d783aaab44073f86d4"}
,"C:\\Users\\AlenaPavioglo\\Desktop\\ha\\Blizzard\\client\\__test__\\utils\\mockFetch.js": {"path":"C:\\Users\\AlenaPavioglo\\Desktop\\ha\\Blizzard\\client\\__test__\\utils\\mockFetch.js","statementMap":{"0":{"start":{"line":1,"column":0},"end":{"line":1,"column":25}}},"fnMap":{},"branchMap":{},"s":{"0":1},"f":{},"b":{},"_coverageSchema":"1a1c01bbd47fc00a2c39e90264f33305004495a9","hash":"31dacb705946e1e005cc548942f63a716ca03e3d"}
,"C:\\Users\\AlenaPavioglo\\Desktop\\ha\\Blizzard\\client\\__test__\\utils\\mockLocalStorage.js": {"path":"C:\\Users\\AlenaPavioglo\\Desktop\\ha\\Blizzard\\client\\__test__\\utils\\mockLocalStorage.js","statementMap":{"0":{"start":{"line":1,"column":0},"end":{"line":3,"column":2}}},"fnMap":{},"branchMap":{},"s":{"0":2},"f":{},"b":{},"_coverageSchema":"1a1c01bbd47fc00a2c39e90264f33305004495a9","hash":"a9df5957d3964dde2f5f6b05210c09fdae141864"}
,"C:\\Users\\AlenaPavioglo\\Desktop\\ha\\Blizzard\\client\\assets\\gameLogic\\logic.js": {"path":"C:\\Users\\AlenaPavioglo\\Desktop\\ha\\Blizzard\\client\\assets\\gameLogic\\logic.js","statementMap":{"0":{"start":{"line":3,"column":4},"end":{"line":3,"column":28}},"1":{"start":{"line":4,"column":4},"end":{"line":4,"column":19}},"2":{"start":{"line":5,"column":4},"end":{"line":5,"column":23}},"3":{"start":{"line":6,"column":4},"end":{"line":6,"column":24}},"4":{"start":{"line":7,"column":4},"end":{"line":7,"column":19}},"5":{"start":{"line":8,"column":4},"end":{"line":8,"column":20}},"6":{"start":{"line":9,"column":4},"end":{"line":9,"column":24}},"7":{"start":{"line":10,"column":4},"end":{"line":10,"column":30}},"8":{"start":{"line":14,"column":4},"end":{"line":36,"column":5}},"9":{"start":{"line":15,"column":22},"end":{"line":21,"column":7}},"10":{"start":{"line":23,"column":23},"end":{"line":26,"column":7}},"11":{"start":{"line":28,"column":6},"end":{"line":33,"column":7}},"12":{"start":{"line":29,"column":21},"end":{"line":29,"column":42}},"13":{"start":{"line":30,"column":8},"end":{"line":30,"column":45}},"14":{"start":{"line":32,"column":8},"end":{"line":32,"column":53}},"15":{"start":{"line":35,"column":6},"end":{"line":35,"column":25}},"16":{"start":{"line":40,"column":4},"end":{"line":53,"column":5}},"17":{"start":{"line":41,"column":23},"end":{"line":43,"column":7}},"18":{"start":{"line":45,"column":6},"end":{"line":50,"column":7}},"19":{"start":{"line":46,"column":21},"end":{"line":46,"column":42}},"20":{"start":{"line":47,"column":8},"end":{"line":47,"column":30}},"21":{"start":{"line":49,"column":8},"end":{"line":49,"column":53}},"22":{"start":{"line":52,"column":6},"end":{"line":52,"column":25}},"23":{"start":{"line":57,"column":4},"end":{"line":71,"column":5}},"24":{"start":{"line":58,"column":23},"end":{"line":60,"column":7}},"25":{"start":{"line":62,"column":6},"end":{"line":68,"column":7}},"26":{"start":{"line":63,"column":21},"end":{"line":63,"column":42}},"27":{"start":{"line":65,"column":8},"end":{"line":65,"column":26}},"28":{"start":{"line":67,"column":8},"end":{"line":67,"column":53}},"29":{"start":{"line":70,"column":6},"end":{"line":70,"column":25}},"30":{"start":{"line":75,"column":4},"end":{"line":88,"column":5}},"31":{"start":{"line":76,"column":23},"end":{"line":78,"column":7}},"32":{"start":{"line":80,"column":6},"end":{"line":85,"column":7}},"33":{"start":{"line":81,"column":21},"end":{"line":81,"column":42}},"34":{"start":{"line":82,"column":8},"end":{"line":82,"column":29}},"35":{"start":{"line":84,"column":8},"end":{"line":84,"column":53}},"36":{"start":{"line":87,"column":6},"end":{"line":87,"column":25}},"37":{"start":{"line":92,"column":4},"end":{"line":92,"column":25}},"38":{"start":{"line":94,"column":4},"end":{"line":101,"column":5}},"39":{"start":{"line":95,"column":6},"end":{"line":95,"column":40}},"40":{"start":{"line":96,"column":6},"end":{"line":96,"column":18}},"41":{"start":{"line":99,"column":6},"end":{"line":99,"column":22}},"42":{"start":{"line":100,"column":6},"end":{"line":100,"column":19}},"43":{"start":{"line":105,"column":4},"end":{"line":108,"column":5}},"44":{"start":{"line":106,"column":6},"end":{"line":106,"column":33}},"45":{"start":{"line":112,"column":4},"end":{"line":117,"column":5}},"46":{"start":{"line":113,"column":6},"end":{"line":113,"column":16}},"47":{"start":{"line":115,"column":6},"end":{"line":115,"column":73}},"48":{"start":{"line":116,"column":6},"end":{"line":116,"column":27}},"49":{"start":{"line":121,"column":4},"end":{"line":143,"column":5}},"50":{"start":{"line":122,"column":22},"end":{"line":131,"column":7}},"51":{"start":{"line":133,"column":23},"end":{"line":136,"column":7}},"52":{"start":{"line":138,"column":6},"end":{"line":140,"column":7}},"53":{"start":{"line":139,"column":8},"end":{"line":139,"column":62}},"54":{"start":{"line":142,"column":6},"end":{"line":142,"column":25}},"55":{"start":{"line":147,"column":4},"end":{"line":170,"column":5}},"56":{"start":{"line":148,"column":22},"end":{"line":158,"column":7}},"57":{"start":{"line":160,"column":23},"end":{"line":163,"column":7}},"58":{"start":{"line":165,"column":6},"end":{"line":167,"column":7}},"59":{"start":{"line":166,"column":8},"end":{"line":166,"column":55}},"60":{"start":{"line":169,"column":6},"end":{"line":169,"column":25}},"61":{"start":{"line":174,"column":4},"end":{"line":177,"column":5}},"62":{"start":{"line":175,"column":6},"end":{"line":175,"column":26}},"63":{"start":{"line":176,"column":6},"end":{"line":176,"column":13}},"64":{"start":{"line":178,"column":4},"end":{"line":181,"column":5}},"65":{"start":{"line":179,"column":6},"end":{"line":179,"column":25}},"66":{"start":{"line":180,"column":6},"end":{"line":180,"column":13}},"67":{"start":{"line":185,"column":4},"end":{"line":185,"column":30}},"68":{"start":{"line":186,"column":4},"end":{"line":186,"column":46}},"69":{"start":{"line":187,"column":4},"end":{"line":187,"column":59}},"70":{"start":{"line":188,"column":4},"end":{"line":188,"column":71}},"71":{"start":{"line":189,"column":4},"end":{"line":189,"column":27}},"72":{"start":{"line":193,"column":0},"end":{"line":193,"column":27}}},"fnMap":{"0":{"name":"(anonymous_0)","decl":{"start":{"line":2,"column":2},"end":{"line":2,"column":3}},"loc":{"start":{"line":2,"column":16},"end":{"line":11,"column":3}},"line":2},"1":{"name":"(anonymous_1)","decl":{"start":{"line":13,"column":2},"end":{"line":13,"column":3}},"loc":{"start":{"line":13,"column":23},"end":{"line":37,"column":3}},"line":13},"2":{"name":"(anonymous_2)","decl":{"start":{"line":39,"column":2},"end":{"line":39,"column":3}},"loc":{"start":{"line":39,"column":30},"end":{"line":54,"column":3}},"line":39},"3":{"name":"(anonymous_3)","decl":{"start":{"line":56,"column":2},"end":{"line":56,"column":3}},"loc":{"start":{"line":56,"column":27},"end":{"line":72,"column":3}},"line":56},"4":{"name":"(anonymous_4)","decl":{"start":{"line":74,"column":2},"end":{"line":74,"column":3}},"loc":{"start":{"line":74,"column":30},"end":{"line":89,"column":3}},"line":74},"5":{"name":"(anonymous_5)","decl":{"start":{"line":91,"column":2},"end":{"line":91,"column":3}},"loc":{"start":{"line":91,"column":28},"end":{"line":102,"column":3}},"line":91},"6":{"name":"(anonymous_6)","decl":{"start":{"line":104,"column":2},"end":{"line":104,"column":3}},"loc":{"start":{"line":104,"column":28},"end":{"line":109,"column":3}},"line":104},"7":{"name":"(anonymous_7)","decl":{"start":{"line":111,"column":2},"end":{"line":111,"column":3}},"loc":{"start":{"line":111,"column":28},"end":{"line":118,"column":3}},"line":111},"8":{"name":"(anonymous_8)","decl":{"start":{"line":120,"column":2},"end":{"line":120,"column":3}},"loc":{"start":{"line":120,"column":24},"end":{"line":144,"column":3}},"line":120},"9":{"name":"(anonymous_9)","decl":{"start":{"line":146,"column":2},"end":{"line":146,"column":3}},"loc":{"start":{"line":146,"column":32},"end":{"line":171,"column":3}},"line":146},"10":{"name":"(anonymous_10)","decl":{"start":{"line":173,"column":2},"end":{"line":173,"column":3}},"loc":{"start":{"line":173,"column":19},"end":{"line":182,"column":3}},"line":173},"11":{"name":"(anonymous_11)","decl":{"start":{"line":184,"column":2},"end":{"line":184,"column":3}},"loc":{"start":{"line":184,"column":26},"end":{"line":190,"column":3}},"line":184}},"branchMap":{"0":{"loc":{"start":{"line":28,"column":6},"end":{"line":33,"column":7}},"type":"if","locations":[{"start":{"line":28,"column":6},"end":{"line":33,"column":7}},{"start":{"line":31,"column":13},"end":{"line":33,"column":7}}],"line":28},"1":{"loc":{"start":{"line":45,"column":6},"end":{"line":50,"column":7}},"type":"if","locations":[{"start":{"line":45,"column":6},"end":{"line":50,"column":7}},{"start":{"line":48,"column":13},"end":{"line":50,"column":7}}],"line":45},"2":{"loc":{"start":{"line":62,"column":6},"end":{"line":68,"column":7}},"type":"if","locations":[{"start":{"line":62,"column":6},"end":{"line":68,"column":7}},{"start":{"line":66,"column":13},"end":{"line":68,"column":7}}],"line":62},"3":{"loc":{"start":{"line":80,"column":6},"end":{"line":85,"column":7}},"type":"if","locations":[{"start":{"line":80,"column":6},"end":{"line":85,"column":7}},{"start":{"line":83,"column":13},"end":{"line":85,"column":7}}],"line":80},"4":{"loc":{"start":{"line":94,"column":4},"end":{"line":101,"column":5}},"type":"if","locations":[{"start":{"line":94,"column":4},"end":{"line":101,"column":5}},{"start":{"line":98,"column":11},"end":{"line":101,"column":5}}],"line":94},"5":{"loc":{"start":{"line":105,"column":4},"end":{"line":108,"column":5}},"type":"if","locations":[{"start":{"line":105,"column":4},"end":{"line":108,"column":5}},{"start":{"line":107,"column":11},"end":{"line":108,"column":5}}],"line":105},"6":{"loc":{"start":{"line":112,"column":4},"end":{"line":117,"column":5}},"type":"if","locations":[{"start":{"line":112,"column":4},"end":{"line":117,"column":5}},{"start":{"line":114,"column":11},"end":{"line":117,"column":5}}],"line":112},"7":{"loc":{"start":{"line":138,"column":6},"end":{"line":140,"column":7}},"type":"if","locations":[{"start":{"line":138,"column":6},"end":{"line":140,"column":7}},{"start":{},"end":{}}],"line":138},"8":{"loc":{"start":{"line":165,"column":6},"end":{"line":167,"column":7}},"type":"if","locations":[{"start":{"line":165,"column":6},"end":{"line":167,"column":7}},{"start":{},"end":{}}],"line":165},"9":{"loc":{"start":{"line":174,"column":4},"end":{"line":177,"column":5}},"type":"if","locations":[{"start":{"line":174,"column":4},"end":{"line":177,"column":5}},{"start":{},"end":{}}],"line":174},"10":{"loc":{"start":{"line":178,"column":4},"end":{"line":181,"column":5}},"type":"if","locations":[{"start":{"line":178,"column":4},"end":{"line":181,"column":5}},{"start":{},"end":{}}],"line":178}},"s":{"0":33,"1":33,"2":33,"3":33,"4":33,"5":33,"6":33,"7":33,"8":3,"9":3,"10":3,"11":2,"12":1,"13":1,"14":1,"15":2,"16":5,"17":5,"18":4,"19":2,"20":2,"21":2,"22":3,"23":5,"24":5,"25":4,"26":2,"27":2,"28":2,"29":3,"30":5,"31":5,"32":4,"33":2,"34":2,"35":2,"36":3,"37":2,"38":2,"39":1,"40":1,"41":1,"42":1,"43":2,"44":1,"45":2,"46":1,"47":1,"48":1,"49":0,"50":0,"51":0,"52":0,"53":0,"54":0,"55":2,"56":2,"57":2,"58":2,"59":1,"60":1,"61":5,"62":2,"63":2,"64":3,"65":2,"66":2,"67":1,"68":1,"69":1,"70":1,"71":1,"72":2},"f":{"0":33,"1":3,"2":5,"3":5,"4":5,"5":2,"6":2,"7":2,"8":0,"9":2,"10":5,"11":1},"b":{"0":[1,1],"1":[2,2],"2":[2,2],"3":[2,2],"4":[1,1],"5":[1,1],"6":[1,1],"7":[0,0],"8":[1,1],"9":[2,3],"10":[2,1]},"_coverageSchema":"1a1c01bbd47fc00a2c39e90264f33305004495a9","hash":"7c68c6556c4a107046796f41f903a66ae86db221"}
,"C:\\Users\\AlenaPavioglo\\Desktop\\ha\\Blizzard\\client\\assets\\utils\\checkAuth.js": {"path":"C:\\Users\\AlenaPavioglo\\Desktop\\ha\\Blizzard\\client\\assets\\utils\\checkAuth.js","statementMap":{"0":{"start":{"line":2,"column":18},"end":{"line":7,"column":3}},"1":{"start":{"line":8,"column":19},"end":{"line":11,"column":3}},"2":{"start":{"line":13,"column":2},"end":{"line":15,"column":3}},"3":{"start":{"line":14,"column":4},"end":{"line":14,"column":40}},"4":{"start":{"line":18,"column":0},"end":{"line":18,"column":27}}},"fnMap":{"0":{"name":"checkAuth","decl":{"start":{"line":1,"column":15},"end":{"line":1,"column":24}},"loc":{"start":{"line":1,"column":27},"end":{"line":16,"column":1}},"line":1}},"branchMap":{"0":{"loc":{"start":{"line":13,"column":2},"end":{"line":15,"column":3}},"type":"if","locations":[{"start":{"line":13,"column":2},"end":{"line":15,"column":3}},{"start":{},"end":{}}],"line":13}},"s":{"0":2,"1":2,"2":2,"3":1,"4":1},"f":{"0":2},"b":{"0":[1,1]},"_coverageSchema":"1a1c01bbd47fc00a2c39e90264f33305004495a9","hash":"6cf7b0b4fc05a98ad8868b6fb1c54c42c292a45e"}
}
