{"C:\\Users\\kam_v\\OneDrive\\Ambiente de Trabalho\\La Fosse\\W5\\Project\\Blizzard\\client\\__test__\\utils\\mockConsole.js": {"path":"C:\\Users\\kam_v\\OneDrive\\Ambiente de Trabalho\\La Fosse\\W5\\Project\\Blizzard\\client\\__test__\\utils\\mockConsole.js","statementMap":{"0":{"start":{"line":1,"column":20},"end":{"line":1,"column":29}},"1":{"start":{"line":2,"column":18},"end":{"line":2,"column":27}},"2":{"start":{"line":4,"column":0},"end":{"line":7,"column":2}}},"fnMap":{},"branchMap":{},"s":{"0":1,"1":1,"2":1},"f":{},"b":{},"_coverageSchema":"1a1c01bbd47fc00a2c39e90264f33305004495a9","hash":"08fc9a91eeb648e4a3ad85bc8553d5541704b538"}
,"C:\\Users\\kam_v\\OneDrive\\Ambiente de Trabalho\\La Fosse\\W5\\Project\\Blizzard\\client\\__test__\\utils\\mockFetch.js": {"path":"C:\\Users\\kam_v\\OneDrive\\Ambiente de Trabalho\\La Fosse\\W5\\Project\\Blizzard\\client\\__test__\\utils\\mockFetch.js","statementMap":{"0":{"start":{"line":1,"column":0},"end":{"line":1,"column":25}}},"fnMap":{},"branchMap":{},"s":{"0":1},"f":{},"b":{},"_coverageSchema":"1a1c01bbd47fc00a2c39e90264f33305004495a9","hash":"64706e4d9be28ba6c2ad30e357592a128fecbceb"}
,"C:\\Users\\kam_v\\OneDrive\\Ambiente de Trabalho\\La Fosse\\W5\\Project\\Blizzard\\client\\__test__\\utils\\mockLocalStorage.js": {"path":"C:\\Users\\kam_v\\OneDrive\\Ambiente de Trabalho\\La Fosse\\W5\\Project\\Blizzard\\client\\__test__\\utils\\mockLocalStorage.js","statementMap":{"0":{"start":{"line":1,"column":0},"end":{"line":3,"column":2}}},"fnMap":{},"branchMap":{},"s":{"0":2},"f":{},"b":{},"_coverageSchema":"1a1c01bbd47fc00a2c39e90264f33305004495a9","hash":"98c45b053ab4f09b90e934aeb3d673488ae69482"}
,"C:\\Users\\kam_v\\OneDrive\\Ambiente de Trabalho\\La Fosse\\W5\\Project\\Blizzard\\client\\assets\\gameLogic\\logic.js": {"path":"C:\\Users\\kam_v\\OneDrive\\Ambiente de Trabalho\\La Fosse\\W5\\Project\\Blizzard\\client\\assets\\gameLogic\\logic.js","statementMap":{"0":{"start":{"line":3,"column":4},"end":{"line":3,"column":28}},"1":{"start":{"line":4,"column":4},"end":{"line":4,"column":19}},"2":{"start":{"line":5,"column":4},"end":{"line":5,"column":23}},"3":{"start":{"line":6,"column":4},"end":{"line":6,"column":24}},"4":{"start":{"line":7,"column":4},"end":{"line":7,"column":19}},"5":{"start":{"line":8,"column":4},"end":{"line":8,"column":20}},"6":{"start":{"line":9,"column":4},"end":{"line":9,"column":24}},"7":{"start":{"line":10,"column":4},"end":{"line":10,"column":30}},"8":{"start":{"line":14,"column":4},"end":{"line":36,"column":5}},"9":{"start":{"line":15,"column":22},"end":{"line":21,"column":7}},"10":{"start":{"line":23,"column":23},"end":{"line":26,"column":7}},"11":{"start":{"line":28,"column":6},"end":{"line":33,"column":7}},"12":{"start":{"line":29,"column":21},"end":{"line":29,"column":42}},"13":{"start":{"line":30,"column":8},"end":{"line":30,"column":45}},"14":{"start":{"line":32,"column":8},"end":{"line":32,"column":53}},"15":{"start":{"line":35,"column":6},"end":{"line":35,"column":25}},"16":{"start":{"line":40,"column":4},"end":{"line":53,"column":5}},"17":{"start":{"line":41,"column":23},"end":{"line":43,"column":7}},"18":{"start":{"line":45,"column":6},"end":{"line":50,"column":7}},"19":{"start":{"line":46,"column":21},"end":{"line":46,"column":42}},"20":{"start":{"line":47,"column":8},"end":{"line":47,"column":30}},"21":{"start":{"line":49,"column":8},"end":{"line":49,"column":53}},"22":{"start":{"line":52,"column":6},"end":{"line":52,"column":25}},"23":{"start":{"line":57,"column":4},"end":{"line":71,"column":5}},"24":{"start":{"line":58,"column":23},"end":{"line":60,"column":7}},"25":{"start":{"line":62,"column":6},"end":{"line":68,"column":7}},"26":{"start":{"line":63,"column":21},"end":{"line":63,"column":42}},"27":{"start":{"line":65,"column":8},"end":{"line":65,"column":26}},"28":{"start":{"line":67,"column":8},"end":{"line":67,"column":53}},"29":{"start":{"line":70,"column":6},"end":{"line":70,"column":25}},"30":{"start":{"line":75,"column":4},"end":{"line":88,"column":5}},"31":{"start":{"line":76,"column":23},"end":{"line":78,"column":7}},"32":{"start":{"line":80,"column":6},"end":{"line":85,"column":7}},"33":{"start":{"line":81,"column":21},"end":{"line":81,"column":42}},"34":{"start":{"line":82,"column":8},"end":{"line":82,"column":29}},"35":{"start":{"line":84,"column":8},"end":{"line":84,"column":53}},"36":{"start":{"line":87,"column":6},"end":{"line":87,"column":25}},"37":{"start":{"line":92,"column":4},"end":{"line":92,"column":25}},"38":{"start":{"line":94,"column":4},"end":{"line":101,"column":5}},"39":{"start":{"line":95,"column":6},"end":{"line":95,"column":40}},"40":{"start":{"line":96,"column":6},"end":{"line":96,"column":18}},"41":{"start":{"line":99,"column":6},"end":{"line":99,"column":22}},"42":{"start":{"line":100,"column":6},"end":{"line":100,"column":19}},"43":{"start":{"line":105,"column":4},"end":{"line":110,"column":5}},"44":{"start":{"line":106,"column":6},"end":{"line":106,"column":16}},"45":{"start":{"line":108,"column":6},"end":{"line":108,"column":73}},"46":{"start":{"line":109,"column":6},"end":{"line":109,"column":27}},"47":{"start":{"line":114,"column":4},"end":{"line":137,"column":5}},"48":{"start":{"line":115,"column":22},"end":{"line":125,"column":7}},"49":{"start":{"line":127,"column":23},"end":{"line":130,"column":7}},"50":{"start":{"line":132,"column":6},"end":{"line":134,"column":7}},"51":{"start":{"line":133,"column":8},"end":{"line":133,"column":55}},"52":{"start":{"line":136,"column":6},"end":{"line":136,"column":25}},"53":{"start":{"line":141,"column":4},"end":{"line":144,"column":5}},"54":{"start":{"line":142,"column":6},"end":{"line":142,"column":26}},"55":{"start":{"line":143,"column":6},"end":{"line":143,"column":13}},"56":{"start":{"line":145,"column":4},"end":{"line":148,"column":5}},"57":{"start":{"line":146,"column":6},"end":{"line":146,"column":25}},"58":{"start":{"line":147,"column":6},"end":{"line":147,"column":13}},"59":{"start":{"line":152,"column":4},"end":{"line":152,"column":30}},"60":{"start":{"line":153,"column":4},"end":{"line":153,"column":46}},"61":{"start":{"line":154,"column":4},"end":{"line":154,"column":59}},"62":{"start":{"line":155,"column":4},"end":{"line":155,"column":71}},"63":{"start":{"line":156,"column":4},"end":{"line":156,"column":27}},"64":{"start":{"line":160,"column":0},"end":{"line":160,"column":27}}},"fnMap":{"0":{"name":"(anonymous_0)","decl":{"start":{"line":2,"column":2},"end":{"line":2,"column":3}},"loc":{"start":{"line":2,"column":16},"end":{"line":11,"column":3}},"line":2},"1":{"name":"(anonymous_1)","decl":{"start":{"line":13,"column":2},"end":{"line":13,"column":3}},"loc":{"start":{"line":13,"column":23},"end":{"line":37,"column":3}},"line":13},"2":{"name":"(anonymous_2)","decl":{"start":{"line":39,"column":2},"end":{"line":39,"column":3}},"loc":{"start":{"line":39,"column":30},"end":{"line":54,"column":3}},"line":39},"3":{"name":"(anonymous_3)","decl":{"start":{"line":56,"column":2},"end":{"line":56,"column":3}},"loc":{"start":{"line":56,"column":27},"end":{"line":72,"column":3}},"line":56},"4":{"name":"(anonymous_4)","decl":{"start":{"line":74,"column":2},"end":{"line":74,"column":3}},"loc":{"start":{"line":74,"column":30},"end":{"line":89,"column":3}},"line":74},"5":{"name":"(anonymous_5)","decl":{"start":{"line":91,"column":2},"end":{"line":91,"column":3}},"loc":{"start":{"line":91,"column":28},"end":{"line":102,"column":3}},"line":91},"6":{"name":"(anonymous_6)","decl":{"start":{"line":104,"column":2},"end":{"line":104,"column":3}},"loc":{"start":{"line":104,"column":28},"end":{"line":111,"column":3}},"line":104},"7":{"name":"(anonymous_7)","decl":{"start":{"line":113,"column":2},"end":{"line":113,"column":3}},"loc":{"start":{"line":113,"column":32},"end":{"line":138,"column":3}},"line":113},"8":{"name":"(anonymous_8)","decl":{"start":{"line":140,"column":2},"end":{"line":140,"column":3}},"loc":{"start":{"line":140,"column":19},"end":{"line":149,"column":3}},"line":140},"9":{"name":"(anonymous_9)","decl":{"start":{"line":151,"column":2},"end":{"line":151,"column":3}},"loc":{"start":{"line":151,"column":26},"end":{"line":157,"column":3}},"line":151}},"branchMap":{"0":{"loc":{"start":{"line":28,"column":6},"end":{"line":33,"column":7}},"type":"if","locations":[{"start":{"line":28,"column":6},"end":{"line":33,"column":7}},{"start":{"line":31,"column":13},"end":{"line":33,"column":7}}],"line":28},"1":{"loc":{"start":{"line":45,"column":6},"end":{"line":50,"column":7}},"type":"if","locations":[{"start":{"line":45,"column":6},"end":{"line":50,"column":7}},{"start":{"line":48,"column":13},"end":{"line":50,"column":7}}],"line":45},"2":{"loc":{"start":{"line":62,"column":6},"end":{"line":68,"column":7}},"type":"if","locations":[{"start":{"line":62,"column":6},"end":{"line":68,"column":7}},{"start":{"line":66,"column":13},"end":{"line":68,"column":7}}],"line":62},"3":{"loc":{"start":{"line":80,"column":6},"end":{"line":85,"column":7}},"type":"if","locations":[{"start":{"line":80,"column":6},"end":{"line":85,"column":7}},{"start":{"line":83,"column":13},"end":{"line":85,"column":7}}],"line":80},"4":{"loc":{"start":{"line":94,"column":4},"end":{"line":101,"column":5}},"type":"if","locations":[{"start":{"line":94,"column":4},"end":{"line":101,"column":5}},{"start":{"line":98,"column":11},"end":{"line":101,"column":5}}],"line":94},"5":{"loc":{"start":{"line":105,"column":4},"end":{"line":110,"column":5}},"type":"if","locations":[{"start":{"line":105,"column":4},"end":{"line":110,"column":5}},{"start":{"line":107,"column":11},"end":{"line":110,"column":5}}],"line":105},"6":{"loc":{"start":{"line":132,"column":6},"end":{"line":134,"column":7}},"type":"if","locations":[{"start":{"line":132,"column":6},"end":{"line":134,"column":7}},{"start":{},"end":{}}],"line":132},"7":{"loc":{"start":{"line":141,"column":4},"end":{"line":144,"column":5}},"type":"if","locations":[{"start":{"line":141,"column":4},"end":{"line":144,"column":5}},{"start":{},"end":{}}],"line":141},"8":{"loc":{"start":{"line":145,"column":4},"end":{"line":148,"column":5}},"type":"if","locations":[{"start":{"line":145,"column":4},"end":{"line":148,"column":5}},{"start":{},"end":{}}],"line":145}},"s":{"0":19,"1":19,"2":19,"3":19,"4":19,"5":19,"6":19,"7":19,"8":3,"9":3,"10":3,"11":2,"12":1,"13":1,"14":1,"15":2,"16":3,"17":3,"18":2,"19":1,"20":1,"21":1,"22":2,"23":3,"24":3,"25":2,"26":1,"27":1,"28":1,"29":2,"30":3,"31":3,"32":2,"33":1,"34":1,"35":1,"36":2,"37":2,"38":2,"39":1,"40":1,"41":1,"42":1,"43":0,"44":0,"45":0,"46":0,"47":2,"48":2,"49":2,"50":2,"51":1,"52":1,"53":2,"54":1,"55":1,"56":1,"57":1,"58":1,"59":1,"60":1,"61":1,"62":1,"63":1,"64":1},"f":{"0":19,"1":3,"2":3,"3":3,"4":3,"5":2,"6":0,"7":2,"8":2,"9":1},"b":{"0":[1,1],"1":[1,1],"2":[1,1],"3":[1,1],"4":[1,1],"5":[0,0],"6":[1,1],"7":[1,1],"8":[1,0]},"_coverageSchema":"1a1c01bbd47fc00a2c39e90264f33305004495a9","hash":"f87b01403282c621b356289764b9b4da0d943c41"}
,"C:\\Users\\kam_v\\OneDrive\\Ambiente de Trabalho\\La Fosse\\W5\\Project\\Blizzard\\client\\assets\\utils\\checkAuth.js": {"path":"C:\\Users\\kam_v\\OneDrive\\Ambiente de Trabalho\\La Fosse\\W5\\Project\\Blizzard\\client\\assets\\utils\\checkAuth.js","statementMap":{"0":{"start":{"line":2,"column":18},"end":{"line":7,"column":3}},"1":{"start":{"line":8,"column":19},"end":{"line":11,"column":3}},"2":{"start":{"line":13,"column":2},"end":{"line":15,"column":3}},"3":{"start":{"line":14,"column":4},"end":{"line":14,"column":40}},"4":{"start":{"line":18,"column":0},"end":{"line":18,"column":27}}},"fnMap":{"0":{"name":"checkAuth","decl":{"start":{"line":1,"column":15},"end":{"line":1,"column":24}},"loc":{"start":{"line":1,"column":27},"end":{"line":16,"column":1}},"line":1}},"branchMap":{"0":{"loc":{"start":{"line":13,"column":2},"end":{"line":15,"column":3}},"type":"if","locations":[{"start":{"line":13,"column":2},"end":{"line":15,"column":3}},{"start":{},"end":{}}],"line":13}},"s":{"0":2,"1":2,"2":2,"3":1,"4":1},"f":{"0":2},"b":{"0":[1,1]},"_coverageSchema":"1a1c01bbd47fc00a2c39e90264f33305004495a9","hash":"6efe85e2e9638aeeb4eb604b479301e0b2b0a4e1"}
}
