TN:
SF:__test__\utils\mockConsole.js
FNF:0
FNH:0
DA:1,1
DA:2,1
DA:4,1
LF:3
LH:3
BRF:0
BRH:0
end_of_record
TN:
SF:__test__\utils\mockFetch.js
FNF:0
FNH:0
DA:1,1
LF:1
LH:1
BRF:0
BRH:0
end_of_record
TN:
SF:__test__\utils\mockLocalStorage.js
FNF:0
FNH:0
DA:1,2
LF:1
LH:1
BRF:0
BRH:0
end_of_record
TN:
SF:assets\gameLogic\logic.js
FN:2,(anonymous_0)
FN:13,(anonymous_1)
FN:39,(anonymous_2)
FN:56,(anonymous_3)
FN:74,(anonymous_4)
FN:91,(anonymous_5)
FN:104,(anonymous_6)
FN:113,(anonymous_7)
FN:140,(anonymous_8)
FN:151,(anonymous_9)
FNF:10
FNH:9
FNDA:19,(anonymous_0)
FNDA:3,(anonymous_1)
FNDA:3,(anonymous_2)
FNDA:3,(anonymous_3)
FNDA:3,(anonymous_4)
FNDA:2,(anonymous_5)
FNDA:0,(anonymous_6)
FNDA:2,(anonymous_7)
FNDA:2,(anonymous_8)
FNDA:1,(anonymous_9)
DA:3,19
DA:4,19
DA:5,19
DA:6,19
DA:7,19
DA:8,19
DA:9,19
DA:10,19
DA:14,3
DA:15,3
DA:23,3
DA:28,2
DA:29,1
DA:30,1
DA:32,1
DA:35,2
DA:40,3
DA:41,3
DA:45,2
DA:46,1
DA:47,1
DA:49,1
DA:52,2
DA:57,3
DA:58,3
DA:62,2
DA:63,1
DA:65,1
DA:67,1
DA:70,2
DA:75,3
DA:76,3
DA:80,2
DA:81,1
DA:82,1
DA:84,1
DA:87,2
DA:92,2
DA:94,2
DA:95,1
DA:96,1
DA:99,1
DA:100,1
DA:105,0
DA:106,0
DA:108,0
DA:109,0
DA:114,2
DA:115,2
DA:127,2
DA:132,2
DA:133,1
DA:136,1
DA:141,2
DA:142,1
DA:143,1
DA:145,1
DA:146,1
DA:147,1
DA:152,1
DA:153,1
DA:154,1
DA:155,1
DA:156,1
DA:160,1
LF:65
LH:61
BRDA:28,0,0,1
BRDA:28,0,1,1
BRDA:45,1,0,1
BRDA:45,1,1,1
BRDA:62,2,0,1
BRDA:62,2,1,1
BRDA:80,3,0,1
BRDA:80,3,1,1
BRDA:94,4,0,1
BRDA:94,4,1,1
BRDA:105,5,0,0
BRDA:105,5,1,0
BRDA:132,6,0,1
BRDA:132,6,1,1
BRDA:141,7,0,1
BRDA:141,7,1,1
BRDA:145,8,0,1
BRDA:145,8,1,0
BRF:18
BRH:15
end_of_record
TN:
SF:assets\utils\checkAuth.js
FN:1,checkAuth
FNF:1
FNH:1
FNDA:2,checkAuth
DA:2,2
DA:8,2
DA:13,2
DA:14,1
DA:18,1
LF:5
LH:5
BRDA:13,0,0,1
BRDA:13,0,1,1
BRF:2
BRH:2
end_of_record
