TN:
SF:__test__\utils\mockConsole.js
FNF:0
FNH:0
DA:1,1
DA:2,1
DA:4,1
LF:3
LH:3
BRF:0
BRH:0
end_of_record
TN:
SF:__test__\utils\mockFetch.js
FNF:0
FNH:0
DA:1,1
LF:1
LH:1
BRF:0
BRH:0
end_of_record
TN:
SF:__test__\utils\mockLocalStorage.js
FNF:0
FNH:0
DA:1,2
LF:1
LH:1
BRF:0
BRH:0
end_of_record
TN:
SF:assets\gameLogic\logic.js
FN:2,(anonymous_0)
FN:13,(anonymous_1)
FN:39,(anonymous_2)
FN:56,(anonymous_3)
FN:74,(anonymous_4)
FN:91,(anonymous_5)
FN:104,(anonymous_6)
FN:111,(anonymous_7)
FN:120,(anonymous_8)
FN:146,(anonymous_9)
FN:173,(anonymous_10)
FN:184,(anonymous_11)
FNF:12
FNH:11
FNDA:33,(anonymous_0)
FNDA:3,(anonymous_1)
FNDA:5,(anonymous_2)
FNDA:5,(anonymous_3)
FNDA:5,(anonymous_4)
FNDA:2,(anonymous_5)
FNDA:2,(anonymous_6)
FNDA:2,(anonymous_7)
FNDA:0,(anonymous_8)
FNDA:2,(anonymous_9)
FNDA:5,(anonymous_10)
FNDA:1,(anonymous_11)
DA:3,33
DA:4,33
DA:5,33
DA:6,33
DA:7,33
DA:8,33
DA:9,33
DA:10,33
DA:14,3
DA:15,3
DA:23,3
DA:28,2
DA:29,1
DA:30,1
DA:32,1
DA:35,2
DA:40,5
DA:41,5
DA:45,4
DA:46,2
DA:47,2
DA:49,2
DA:52,3
DA:57,5
DA:58,5
DA:62,4
DA:63,2
DA:65,2
DA:67,2
DA:70,3
DA:75,5
DA:76,5
DA:80,4
DA:81,2
DA:82,2
DA:84,2
DA:87,3
DA:92,2
DA:94,2
DA:95,1
DA:96,1
DA:99,1
DA:100,1
DA:105,2
DA:106,1
DA:112,2
DA:113,1
DA:115,1
DA:116,1
DA:121,0
DA:122,0
DA:133,0
DA:138,0
DA:139,0
DA:142,0
DA:147,2
DA:148,2
DA:160,2
DA:165,2
DA:166,1
DA:169,1
DA:174,5
DA:175,2
DA:176,2
DA:178,3
DA:179,2
DA:180,2
DA:185,1
DA:186,1
DA:187,1
DA:188,1
DA:189,1
DA:193,2
LF:73
LH:67
BRDA:28,0,0,1
BRDA:28,0,1,1
BRDA:45,1,0,2
BRDA:45,1,1,2
BRDA:62,2,0,2
BRDA:62,2,1,2
BRDA:80,3,0,2
BRDA:80,3,1,2
BRDA:94,4,0,1
BRDA:94,4,1,1
BRDA:105,5,0,1
BRDA:105,5,1,1
BRDA:112,6,0,1
BRDA:112,6,1,1
BRDA:138,7,0,0
BRDA:138,7,1,0
BRDA:165,8,0,1
BRDA:165,8,1,1
BRDA:174,9,0,2
BRDA:174,9,1,3
BRDA:178,10,0,2
BRDA:178,10,1,1
BRF:22
BRH:20
end_of_record
TN:
SF:assets\utils\checkAuth.js
FN:1,checkAuth
FNF:1
FNH:1
FNDA:2,checkAuth
DA:2,2
DA:8,2
DA:13,2
DA:14,1
DA:18,1
LF:5
LH:5
BRDA:13,0,0,1
BRDA:13,0,1,1
BRF:2
BRH:2
end_of_record
